{
  "stats": {
    "suites": 1,
    "tests": 0,
    "passes": 0,
    "pending": 0,
    "failures": 0,
    "start": "2021-03-01T11:40:21.066Z",
    "end": "2021-03-01T11:40:21.927Z",
    "duration": 861,
    "testsRegistered": 2,
    "passPercent": 0,
    "pendingPercent": 0,
    "other": 2,
    "hasOther": true,
    "skipped": 2,
    "hasSkipped": true,
    "passPercentClass": "danger",
    "pendingPercentClass": "danger"
  },
  "suites": {
    "uuid": "c5553050-ab5c-4247-b25d-3aec60fe6085",
    "title": "",
    "fullFile": "",
    "file": "",
    "beforeHooks": [],
    "afterHooks": [],
    "tests": [],
    "suites": [
      {
        "uuid": "4189a5fb-bb4f-44e1-978f-2e48e467b1bd",
        "title": "Google search automated testing",
        "fullFile": "/Users/geancarlocordova/Sviluppo/NodeJs/Automation-With-Selenium-And-Node.js/test/homePage.test.js",
        "file": "/test/homePage.test.js",
        "beforeHooks": [
          {
            "title": "\"before each\" hook for \"find the input box and google search button\"",
            "fullTitle": "Google search automated testing \"before each\" hook for \"find the input box and google search button\"",
            "timedOut": false,
            "duration": 856,
            "state": "failed",
            "pass": false,
            "fail": true,
            "pending": false,
            "code": "page = new Page();\ndriver = page.driver;\nawait page.visit('https://www.google.it');",
            "err": {
              "message": "WebDriverError: unknown error: Chrome failed to start: exited abnormally\n  (unknown error: DevToolsActivePort file doesn't exist)\n  (The process started from chrome location /Applications/Brave Browser.app/Contents/MacOS/Brave Browser is no longer running, so ChromeDriver is assuming that Chrome has crashed.)\n  (Driver info: chromedriver=2.41.578706 (5f725d1b4f0a4acbf5259df887244095596231db),platform=Mac OS X 10.16.0 x86_64)",
              "estack": "WebDriverError: unknown error: Chrome failed to start: exited abnormally\n  (unknown error: DevToolsActivePort file doesn't exist)\n  (The process started from chrome location /Applications/Brave Browser.app/Contents/MacOS/Brave Browser is no longer running, so ChromeDriver is assuming that Chrome has crashed.)\n  (Driver info: chromedriver=2.41.578706 (5f725d1b4f0a4acbf5259df887244095596231db),platform=Mac OS X 10.16.0 x86_64)\n    at Object.checkLegacyResponse (node_modules/selenium-webdriver/lib/error.js:585:15)\n    at parseHttpResponse (node_modules/selenium-webdriver/lib/http.js:533:13)\n    at Executor.execute (node_modules/selenium-webdriver/lib/http.js:468:26)\n    at processTicksAndRejections (internal/process/task_queues.js:94:5)"
            },
            "isRoot": false,
            "uuid": "fc4c59e5-9c7e-431e-987d-d482c6ec7c2a",
            "isHook": true,
            "skipped": false
          }
        ],
        "afterHooks": [
          {
            "title": "\"after each\" hook for \"find the input box and google search button\"",
            "fullTitle": "Google search automated testing \"after each\" hook for \"find the input box and google search button\"",
            "timedOut": false,
            "duration": 0,
            "state": "failed",
            "pass": false,
            "fail": true,
            "pending": false,
            "code": "await page.quit();",
            "err": {
              "message": "WebDriverError: unknown error: Chrome failed to start: exited abnormally\n  (unknown error: DevToolsActivePort file doesn't exist)\n  (The process started from chrome location /Applications/Brave Browser.app/Contents/MacOS/Brave Browser is no longer running, so ChromeDriver is assuming that Chrome has crashed.)\n  (Driver info: chromedriver=2.41.578706 (5f725d1b4f0a4acbf5259df887244095596231db),platform=Mac OS X 10.16.0 x86_64)",
              "estack": "WebDriverError: unknown error: Chrome failed to start: exited abnormally\n  (unknown error: DevToolsActivePort file doesn't exist)\n  (The process started from chrome location /Applications/Brave Browser.app/Contents/MacOS/Brave Browser is no longer running, so ChromeDriver is assuming that Chrome has crashed.)\n  (Driver info: chromedriver=2.41.578706 (5f725d1b4f0a4acbf5259df887244095596231db),platform=Mac OS X 10.16.0 x86_64)\n    at Object.checkLegacyResponse (node_modules/selenium-webdriver/lib/error.js:585:15)\n    at parseHttpResponse (node_modules/selenium-webdriver/lib/http.js:533:13)\n    at Executor.execute (node_modules/selenium-webdriver/lib/http.js:468:26)\n    at processTicksAndRejections (internal/process/task_queues.js:94:5)"
            },
            "isRoot": false,
            "uuid": "271fe3a6-81ed-4385-8b52-96a1e74f29d4",
            "isHook": true,
            "skipped": false
          }
        ],
        "tests": [
          {
            "title": "find the input box and google search button",
            "fullTitle": "Google search automated testing find the input box and google search button",
            "timedOut": false,
            "duration": 0,
            "pass": false,
            "fail": false,
            "pending": false,
            "code": "const result = await page.findInputAndButton();\nexpect(result.inputEnabled).to.equal(true);\nexpect(result.buttonText).to.include('Google');",
            "err": {},
            "isRoot": false,
            "uuid": "98e63f19-992b-4acb-b2de-f7e5af81227e",
            "isHook": false,
            "skipped": true
          },
          {
            "title": "put keyword in search box and click search button",
            "fullTitle": "Google search automated testing put keyword in search box and click search button",
            "timedOut": false,
            "duration": 0,
            "pass": false,
            "fail": false,
            "pending": false,
            "code": "const result = await page.submitKeywordAndGetResult();\nexpect(result.length).to.be.above(10);",
            "err": {},
            "isRoot": false,
            "uuid": "b0511925-756e-45e6-b026-657c595e43db",
            "isHook": false,
            "skipped": true
          }
        ],
        "suites": [],
        "passes": [],
        "failures": [],
        "pending": [],
        "skipped": [
          "98e63f19-992b-4acb-b2de-f7e5af81227e",
          "b0511925-756e-45e6-b026-657c595e43db"
        ],
        "duration": null,
        "root": false,
        "rootEmpty": false,
        "_timeout": 50000
      }
    ],
    "passes": [],
    "failures": [],
    "pending": [],
    "skipped": [],
    "duration": 0,
    "root": true,
    "rootEmpty": true,
    "_timeout": 2000
  },
  "copyrightYear": 2021
}