{
  "stats": {
    "suites": 1,
    "tests": 2,
    "passes": 0,
    "pending": 0,
    "failures": 2,
    "start": "2021-02-24T19:53:26.231Z",
    "end": "2021-02-24T19:54:13.144Z",
    "duration": 46913,
    "testsRegistered": 2,
    "passPercent": 0,
    "pendingPercent": 0,
    "other": 0,
    "hasOther": false,
    "skipped": 0,
    "hasSkipped": false,
    "passPercentClass": "danger",
    "pendingPercentClass": "danger"
  },
  "suites": {
    "uuid": "458387a8-14ac-4f61-b93c-4dd946db8f50",
    "title": "",
    "fullFile": "",
    "file": "",
    "beforeHooks": [],
    "afterHooks": [],
    "tests": [],
    "suites": [
      {
        "uuid": "f6279718-5771-437d-b5d1-69924fb618c2",
        "title": "Google search automated testing",
        "fullFile": "/Users/geancarlocordova/Sviluppo/NodeJs/Automation-With-Selenium-And-Node.js/test/homePage.test.js",
        "file": "/test/homePage.test.js",
        "beforeHooks": [
          {
            "title": "\"before each\" hook",
            "fullTitle": "Google search automated testing \"before each\" hook",
            "timedOut": false,
            "duration": 7136,
            "pass": false,
            "fail": false,
            "pending": false,
            "code": "page = new Page();\ndriver = page.driver;\nawait page.visit('https://www.leggo.it');",
            "err": {},
            "isRoot": false,
            "uuid": "45f2a464-cd4c-46a7-a228-adbd44727e54",
            "isHook": true,
            "skipped": false
          }
        ],
        "afterHooks": [
          {
            "title": "\"after each\" hook",
            "fullTitle": "Google search automated testing \"after each\" hook",
            "timedOut": false,
            "duration": 1318,
            "pass": false,
            "fail": false,
            "pending": false,
            "code": "await page.quit();",
            "err": {},
            "isRoot": false,
            "uuid": "9c9bb525-2a11-49c7-ab95-a8b71028ebbe",
            "isHook": true,
            "skipped": false
          }
        ],
        "tests": [
          {
            "title": "find the input box and google search button",
            "fullTitle": "Google search automated testing find the input box and google search button",
            "timedOut": false,
            "duration": 15003,
            "state": "failed",
            "pass": false,
            "fail": true,
            "pending": false,
            "code": "const result = await page.findInputAndButton();\nexpect(result.inputEnabled).to.equal(true);\nexpect(result.buttonText).to.include('Google');",
            "err": {
              "message": "TimeoutError: Looking for element\nWait timed out after 15000ms",
              "estack": "TimeoutError: Looking for element\nWait timed out after 15000ms\n    at /Users/geancarlocordova/Sviluppo/NodeJs/Automation-With-Selenium-And-Node.js/node_modules/selenium-webdriver/lib/webdriver.js:834:17\n    at runMicrotasks (<anonymous>)\n    at processTicksAndRejections (internal/process/task_queues.js:94:5)"
            },
            "isRoot": false,
            "uuid": "a9e32285-8360-46d8-9c23-c0c31d0f5a64",
            "isHook": false,
            "skipped": false
          },
          {
            "title": "put keyword in search box and click search button",
            "fullTitle": "Google search automated testing put keyword in search box and click search button",
            "timedOut": false,
            "duration": 15009,
            "state": "failed",
            "pass": false,
            "fail": true,
            "pending": false,
            "code": "const result = await page.submitKeywordAndGetResult();\nexpect(result.length).to.be.above(10);",
            "err": {
              "message": "TimeoutError: Looking for element\nWait timed out after 15008ms",
              "estack": "TimeoutError: Looking for element\nWait timed out after 15008ms\n    at /Users/geancarlocordova/Sviluppo/NodeJs/Automation-With-Selenium-And-Node.js/node_modules/selenium-webdriver/lib/webdriver.js:834:17\n    at runMicrotasks (<anonymous>)\n    at processTicksAndRejections (internal/process/task_queues.js:94:5)"
            },
            "isRoot": false,
            "uuid": "006ae069-f5f6-479e-bb5e-1e2bf887ecff",
            "isHook": false,
            "skipped": false
          }
        ],
        "suites": [],
        "passes": [],
        "failures": [
          "a9e32285-8360-46d8-9c23-c0c31d0f5a64",
          "006ae069-f5f6-479e-bb5e-1e2bf887ecff"
        ],
        "pending": [],
        "skipped": [],
        "duration": 30012,
        "root": false,
        "rootEmpty": false,
        "_timeout": 50000
      }
    ],
    "passes": [],
    "failures": [],
    "pending": [],
    "skipped": [],
    "duration": 0,
    "root": true,
    "rootEmpty": true,
    "_timeout": 2000
  },
  "copyrightYear": 2021
}